#
# A fatal error has been detected by the Java Runtime Environment:
#
#  EXCEPTION_ACCESS_VIOLATION (0xc0000005) at pc=0x00007ff9a4cd49a6, pid=39932, tid=76756
#
# JRE version: OpenJDK Runtime Environment Corretto-17.0.8.7.1 (17.0.8+7) (build 17.0.8+7-LTS)
# Java VM: OpenJDK 64-Bit Server VM Corretto-17.0.8.7.1 (17.0.8+7-LTS, mixed mode, sharing, tiered, compressed oops, compressed class ptrs, g1 gc, windows-amd64)
# Problematic frame:
# C  [halsim_gui.dll+0x849a6]
#
# No core dump will be written. Minidumps are not enabled by default on client versions of Windows
#
# If you would like to submit a bug report, please visit:
#   https://github.com/corretto/corretto-17/issues/
# The crash happened outside the Java Virtual Machine in native code.
# See problematic frame for where to report the bug.
#

---------------  S U M M A R Y ------------

Command Line: -Djava.library.path=C:\Users\jpoth\IdeaProjects\framework2024\build\jni\release -Dfile.encoding=windows-1252 -Duser.country=US -Duser.language=en -Duser.variant C:\Users\jpoth\IdeaProjects\framework2024\build\libs\framework2024.jar

Host: 12th Gen Intel(R) Core(TM) i7-1260P, 16 cores, 31G,  Windows 11 , 64 bit Build 22621 (10.0.22621.3527)
Time: Tue Jun  4 19:28:05 2024 Eastern Daylight Time elapsed time: 81.466386 seconds (0d 0h 1m 21s)

---------------  T H R E A D  ---------------

Current thread (0x000001a304425fd0):  JavaThread "main" [_thread_in_native, id=76756, stack(0x0000002d4bd00000,0x0000002d4be00000)]

Stack: [0x0000002d4bd00000,0x0000002d4be00000],  sp=0x0000002d4bdfede0,  free space=1019k
Native frames: (J=compiled Java code, j=interpreted, Vv=VM code, C=native code)
C  [halsim_gui.dll+0x849a6]

Java frames: (J=compiled Java code, j=interpreted, Vv=VM code)
j  edu.wpi.first.hal.HAL.runMain()V+0
j  edu.wpi.first.wpilibj.RobotBase.startRobot(Ljava/util/function/Supplier;)V+82
j  frc.team449.Main.main()V+5
j  frc.team449.Main.main([Ljava/lang/String;)V+0
v  ~StubRoutines::call_stub

siginfo: EXCEPTION_ACCESS_VIOLATION (0xc0000005), reading address 0x0000000000000000


Register to memory mapping:

RIP=0x00007ff9a4cd49a6 halsim_gui.dll
RAX=0x0000002d4bdfeec8 is pointing into the stack for thread: 0x000001a304425fd0
RBX=0x00007ff9a5688388 halsim_gui.dll
RCX=0x0 is NULL
RDX=0x0000000000000040 is an unknown value
RSP=0x0000002d4bdfede0 is pointing into the stack for thread: 0x000001a304425fd0
RBP=0x0000002d4bdfef39 is pointing into the stack for thread: 0x000001a304425fd0
RSI=0x00007ff9a5698620 halsim_gui.dll
RDI=0x000001a380d52bc0 points into unknown readable memory: 0x000001a380b6bfe0 | e0 bf b6 80 a3 01 00 00
R8 =0x0 is NULL
R9 =0x0000000000000001 is an unknown value
R10=0x0000000000000003 is an unknown value
R11=0x0000002d4bdfedd0 is pointing into the stack for thread: 0x000001a304425fd0
R12=0x0 is NULL
R13=0x000001a32e697720 points into unknown readable memory: 0x00007ff9a4db3708 | 08 37 db a4 f9 7f 00 00
R14=0x0 is NULL
R15=0x00007ff9a56882f0 halsim_gui.dll


Registers:
RAX=0x0000002d4bdfeec8, RBX=0x00007ff9a5688388, RCX=0x0000000000000000, RDX=0x0000000000000040
RSP=0x0000002d4bdfede0, RBP=0x0000002d4bdfef39, RSI=0x00007ff9a5698620, RDI=0x000001a380d52bc0
R8 =0x0000000000000000, R9 =0x0000000000000001, R10=0x0000000000000003, R11=0x0000002d4bdfedd0
R12=0x0000000000000000, R13=0x000001a32e697720, R14=0x0000000000000000, R15=0x00007ff9a56882f0
RIP=0x00007ff9a4cd49a6, EFLAGS=0x0000000000010202

Top of Stack: (sp=0x0000002d4bdfede0)
0x0000002d4bdfede0:   00007ff9a4db6ed0 00007ff9a4db6ed0
0x0000002d4bdfedf0:   0000002d4bdfee69 000001a380654000
0x0000002d4bdfee00:   000001a300000000 000000005a4791f4
0x0000002d4bdfee10:   4388800000000201 44ef800042900000
0x0000002d4bdfee20:   444f400043bd0000 4452800043ec0000
0x0000002d4bdfee30:   00000000445f8000 0000000000000000
0x0000002d4bdfee40:   c010000000000000 0000000000000000
0x0000002d4bdfee50:   c010000000000000 0000000000000000
0x0000002d4bdfee60:   3eb0c6f7a0b5ed8d 0000000000000000
0x0000002d4bdfee70:   412e848000000000 0000000000000000
0x0000002d4bdfee80:   400921fb54442d18 0000000000000000
0x0000002d4bdfee90:   0000000000000000 0000000000000000
0x0000002d4bdfeea0:   000000003f800000 0000000000000000
0x0000002d4bdfeeb0:   00007ff9a56882f0 000001a32e697720
0x0000002d4bdfeec0:   000001a380d52bc0 00007ff9a4cd241a
0x0000002d4bdfeed0:   0000000000000000 00007ff9a5688388 

Instructions: (pc=0x00007ff9a4cd49a6)
0x00007ff9a4cd48a6:   41 2b 00 66 0f 6e c0 0f 5b c0 f3 0f 59 c1 f3 0f
0x00007ff9a4cd48b6:   10 4c 24 5c f3 0f 5c c8 0f 28 c3 0f 14 c1 0f 28
0x00007ff9a4cd48c6:   cc 0f 14 ca eb 64 f3 0f 10 5c 24 58 f3 0f 10 64
0x00007ff9a4cd48d6:   24 50 0f 28 c3 f3 0f 5c c4 0f 2f 05 e2 27 0e 00
0x00007ff9a4cd48e6:   76 57 f3 0f 10 54 24 5c f3 0f 10 6c 24 54 0f 28
0x00007ff9a4cd48f6:   c2 f3 0f 5c c5 0f 2f 05 c6 27 0e 00 76 3b f3 0f
0x00007ff9a4cd4906:   58 25 74 1f 0e 00 f3 0f 58 1d c4 27 0e 00 f3 0f
0x00007ff9a4cd4916:   58 2d 64 1f 0e 00 f3 0f 58 15 b4 27 0e 00 0f 28
0x00007ff9a4cd4926:   cc 0f 28 c3 0f 14 cd 0f 14 c2 f2 0f 11 4c 24 50
0x00007ff9a4cd4936:   0f 28 f0 f2 0f 11 44 24 58 f2 0f 11 77 18 f3 0f
0x00007ff9a4cd4946:   5c dc 0f 28 74 24 20 f2 0f 11 4f 10 48 8b 43 48
0x00007ff9a4cd4956:   f3 0f 5e 18 48 8b c7 f3 0f 11 5f 20 48 83 c4 38
0x00007ff9a4cd4966:   5f 5b c3 cc cc cc cc cc cc cc 48 8b c4 48 89 58
0x00007ff9a4cd4976:   10 48 89 70 18 57 41 56 41 57 48 81 ec d0 00 00
0x00007ff9a4cd4986:   00 0f 29 70 d8 0f 29 78 c8 44 0f 29 40 b8 44 0f
0x00007ff9a4cd4996:   29 48 a8 44 0f 29 50 98 44 0f 29 58 88 4c 8b f1
0x00007ff9a4cd49a6:   48 8b 39 48 8b 59 08 33 d2 f2 0f 10 05 19 ee 0d
0x00007ff9a4cd49b6:   00 e8 14 a1 fc ff 44 0f 28 d8 f2 44 0f 59 1d 07
0x00007ff9a4cd49c6:   ee 0d 00 f2 41 0f 10 7e 10 f2 0f 59 3d 01 ee 0d
0x00007ff9a4cd49d6:   00 f2 41 0f 5e fb 48 89 bc 24 f0 00 00 00 8b 0d
0x00007ff9a4cd49e6:   2a 3c 9c 00 f2 44 0f 10 0d c5 26 0e 00 f2 44 0f
0x00007ff9a4cd49f6:   10 15 a4 26 0e 00 f2 0f 10 35 ac 26 0e 00 f2 44
0x00007ff9a4cd4a06:   0f 10 05 9b 26 0e 00 85 c9 74 33 83 e9 01 74 1a
0x00007ff9a4cd4a16:   83 f9 01 75 29 f2 0f 10 84 24 f0 00 00 00 f2 41
0x00007ff9a4cd4a26:   0f 59 c1 f2 41 0f 5e c2 eb 1d f2 0f 10 84 24 f0
0x00007ff9a4cd4a36:   00 00 00 f2 0f 59 c6 f2 41 0f 5e c0 eb 09 f2 0f
0x00007ff9a4cd4a46:   10 84 24 f0 00 00 00 f2 0f 11 84 24 f0 00 00 00
0x00007ff9a4cd4a56:   c7 44 24 28 00 00 00 00 4c 8d 3d 87 b4 0d 00 4c
0x00007ff9a4cd4a66:   89 7c 24 20 0f 57 db 0f 57 d2 48 8d 94 24 f0 00
0x00007ff9a4cd4a76:   00 00 48 8d 0d c1 1e 0e 00 e8 4c 8e 02 00 8b 0d
0x00007ff9a4cd4a86:   8a 3b 9c 00 84 c0 0f 84 80 00 00 00 8b d1 85 c9
0x00007ff9a4cd4a96:   74 5b 83 ea 01 74 2e 83 fa 01 75 51 f2 0f 10 84 


Stack slot to memory mapping:
stack at sp + 0 slots: 0x00007ff9a4db6ed0 halsim_gui.dll
stack at sp + 1 slots: 0x00007ff9a4db6ed0 halsim_gui.dll
stack at sp + 2 slots: 0x0000002d4bdfee69 is pointing into the stack for thread: 0x000001a304425fd0
stack at sp + 3 slots: 0x000001a380654000 points into unknown readable memory: 0x000001a3317bac90 | 90 ac 7b 31 a3 01 00 00
stack at sp + 4 slots: 0x000001a300000000 points into unknown readable memory: 0x000001a378697580 | 80 75 69 78 a3 01 00 00
stack at sp + 5 slots: 0x000000005a4791f4 is an unknown value
stack at sp + 6 slots: 0x4388800000000201 is an unknown value
stack at sp + 7 slots: 0x44ef800042900000 is an unknown value


---------------  P R O C E S S  ---------------

Threads class SMR info:
_java_thread_list=0x000001a380e4dce0, length=17, elements={
0x000001a304425fd0, 0x000001a32e69f590, 0x000001a32e6a0410, 0x000001a32e6b46c0,
0x000001a32e6b6290, 0x000001a32e6b8e60, 0x000001a32e6bed30, 0x000001a32e6c1e30,
0x000001a32e6ca840, 0x000001a32e6de930, 0x000001a3316609f0, 0x000001a331662ee0,
0x000001a3788025a0, 0x000001a3789309d0, 0x000001a3789220f0, 0x000001a38096cec0,
0x000001a380a01b70
}

Java Threads: ( => current thread )
=>0x000001a304425fd0 JavaThread "main" [_thread_in_native, id=76756, stack(0x0000002d4bd00000,0x0000002d4be00000)]
  0x000001a32e69f590 JavaThread "Reference Handler" daemon [_thread_blocked, id=68540, stack(0x0000002d4c400000,0x0000002d4c500000)]
  0x000001a32e6a0410 JavaThread "Finalizer" daemon [_thread_blocked, id=75988, stack(0x0000002d4c500000,0x0000002d4c600000)]
  0x000001a32e6b46c0 JavaThread "Signal Dispatcher" daemon [_thread_blocked, id=74268, stack(0x0000002d4c600000,0x0000002d4c700000)]
  0x000001a32e6b6290 JavaThread "Attach Listener" daemon [_thread_blocked, id=67108, stack(0x0000002d4c700000,0x0000002d4c800000)]
  0x000001a32e6b8e60 JavaThread "Service Thread" daemon [_thread_blocked, id=70200, stack(0x0000002d4c800000,0x0000002d4c900000)]
  0x000001a32e6bed30 JavaThread "Monitor Deflation Thread" daemon [_thread_blocked, id=79976, stack(0x0000002d4c900000,0x0000002d4ca00000)]
  0x000001a32e6c1e30 JavaThread "C2 CompilerThread0" daemon [_thread_blocked, id=60732, stack(0x0000002d4ca00000,0x0000002d4cb00000)]
  0x000001a32e6ca840 JavaThread "C1 CompilerThread0" daemon [_thread_blocked, id=69988, stack(0x0000002d4cb00000,0x0000002d4cc00000)]
  0x000001a32e6de930 JavaThread "Sweeper thread" daemon [_thread_blocked, id=79964, stack(0x0000002d4cc00000,0x0000002d4cd00000)]
  0x000001a3316609f0 JavaThread "Notification Thread" daemon [_thread_blocked, id=74776, stack(0x0000002d4ce00000,0x0000002d4cf00000)]
  0x000001a331662ee0 JavaThread "Common-Cleaner" daemon [_thread_blocked, id=76412, stack(0x0000002d4d000000,0x0000002d4d100000)]
  0x000001a3788025a0 JavaThread "robot main" daemon [_thread_in_native, id=60852, stack(0x0000002d4d100000,0x0000002d4d200000)]
  0x000001a3789309d0 JavaThread "Thread-0" daemon [_thread_in_native, id=80196, stack(0x0000002d4f900000,0x0000002d4fa00000)]
  0x000001a3789220f0 JavaThread "navXIOThread" daemon [_thread_blocked, id=75408, stack(0x0000002d4fa00000,0x0000002d4fb00000)]
  0x000001a38096cec0 JavaThread "DataLogDS" daemon [_thread_in_native, id=76044, stack(0x0000002d4ff00000,0x0000002d50000000)]
  0x000001a380a01b70 JavaThread "URCL" daemon [_thread_in_native, id=73064, stack(0x0000002d50000000,0x0000002d50100000)]

Other Threads:
  0x000001a32e69a980 VMThread "VM Thread" [stack: 0x0000002d4c300000,0x0000002d4c400000] [id=80224]
  0x000001a32e5000d0 WatcherThread [stack: 0x0000002d4cf00000,0x0000002d4d000000] [id=57808]
  0x000001a3044d2d30 GCTaskThread "GC Thread#0" [stack: 0x0000002d4be00000,0x0000002d4bf00000] [id=48616]
  0x000001a380dd9c50 GCTaskThread "GC Thread#1" [stack: 0x0000002d50100000,0x0000002d50200000] [id=54396]
  0x000001a380dda750 GCTaskThread "GC Thread#2" [stack: 0x0000002d50200000,0x0000002d50300000] [id=62112]
  0x000001a380dd49d0 GCTaskThread "GC Thread#3" [stack: 0x0000002d50300000,0x0000002d50400000] [id=46252]
  0x000001a380dd5210 GCTaskThread "GC Thread#4" [stack: 0x0000002d50400000,0x0000002d50500000] [id=70892]
  0x000001a380dd7890 GCTaskThread "GC Thread#5" [stack: 0x0000002d50500000,0x0000002d50600000] [id=73616]
  0x000001a380dd5a50 GCTaskThread "GC Thread#6" [stack: 0x0000002d50600000,0x0000002d50700000] [id=76088]
  0x000001a380dd9f10 GCTaskThread "GC Thread#7" [stack: 0x0000002d50700000,0x0000002d50800000] [id=63092]
  0x000001a380dd7310 GCTaskThread "GC Thread#8" [stack: 0x0000002d50800000,0x0000002d50900000] [id=78932]
  0x000001a380dd75d0 GCTaskThread "GC Thread#9" [stack: 0x0000002d50900000,0x0000002d50a00000] [id=65848]
  0x000001a380dd8390 GCTaskThread "GC Thread#10" [stack: 0x0000002d50a00000,0x0000002d50b00000] [id=66088]
  0x000001a380dd7e10 GCTaskThread "GC Thread#11" [stack: 0x0000002d50b00000,0x0000002d50c00000] [id=65428]
  0x000001a32e4e7f20 ConcurrentGCThread "G1 Main Marker" [stack: 0x0000002d4bf00000,0x0000002d4c000000] [id=77692]
  0x000001a32e4e89d0 ConcurrentGCThread "G1 Conc#0" [stack: 0x0000002d4c000000,0x0000002d4c100000] [id=75400]
  0x000001a3044deaa0 ConcurrentGCThread "G1 Refine#0" [stack: 0x0000002d4c100000,0x0000002d4c200000] [id=80216]
  0x000001a32e5d3b60 ConcurrentGCThread "G1 Service" [stack: 0x0000002d4c200000,0x0000002d4c300000] [id=80048]

Threads with active compile tasks:

VM state: not at safepoint (normal execution)

VM Mutex/Monitor currently owned by a thread: None

Heap address: 0x0000000606000000, size: 8096 MB, Compressed Oops mode: Zero based, Oop shift amount: 3

CDS archive(s) mapped at: [0x000001a332000000-0x000001a332bd0000-0x000001a332bd0000), size 12386304, SharedBaseAddress: 0x000001a332000000, ArchiveRelocationMode: 1.
Compressed class space mapped at: 0x000001a333000000-0x000001a373000000, reserved size: 1073741824
Narrow klass base: 0x000001a332000000, Narrow klass shift: 0, Narrow klass range: 0x100000000

GC Precious Log:
 CPUs: 16 total, 16 available
 Memory: 32372M
 Large Page Support: Disabled
 NUMA Support: Disabled
 Compressed Oops: Enabled (Zero based)
 Heap Region Size: 4M
 Heap Min Capacity: 8M
 Heap Initial Capacity: 508M
 Heap Max Capacity: 8096M
 Pre-touch: Disabled
 Parallel Workers: 13
 Concurrent Workers: 3
 Concurrent Refinement Workers: 13
 Periodic GC: Disabled

Heap:
 garbage-first heap   total 520192K, used 35686K [0x0000000606000000, 0x0000000800000000)
  region size 4096K, 10 young (40960K), 1 survivors (4096K)
 Metaspace       used 6137K, committed 6400K, reserved 1114112K
  class space    used 628K, committed 768K, reserved 1048576K

Heap Regions: E=young(eden), S=young(survivor), O=old, HS=humongous(starts), HC=humongous(continues), CS=collection set, F=free, OA=open archive, CA=closed archive, TAMS=top-at-mark-start (previous, next)
|   0|0x0000000606000000, 0x000000060627f600, 0x0000000606400000| 62%| O|  |TAMS 0x0000000606000000, 0x0000000606000000| Untracked 
|   1|0x0000000606400000, 0x0000000606400000, 0x0000000606800000|  0%| F|  |TAMS 0x0000000606400000, 0x0000000606400000| Untracked 
|   2|0x0000000606800000, 0x0000000606800000, 0x0000000606c00000|  0%| F|  |TAMS 0x0000000606800000, 0x0000000606800000| Untracked 
|   3|0x0000000606c00000, 0x0000000606c00000, 0x0000000607000000|  0%| F|  |TAMS 0x0000000606c00000, 0x0000000606c00000| Untracked 
|   4|0x0000000607000000, 0x0000000607000000, 0x0000000607400000|  0%| F|  |TAMS 0x0000000607000000, 0x0000000607000000| Untracked 
|   5|0x0000000607400000, 0x0000000607400000, 0x0000000607800000|  0%| F|  |TAMS 0x0000000607400000, 0x0000000607400000| Untracked 
|   6|0x0000000607800000, 0x0000000607800000, 0x0000000607c00000|  0%| F|  |TAMS 0x0000000607800000, 0x0000000607800000| Untracked 
|   7|0x0000000607c00000, 0x0000000607c00000, 0x0000000608000000|  0%| F|  |TAMS 0x0000000607c00000, 0x0000000607c00000| Untracked 
|   8|0x0000000608000000, 0x0000000608000000, 0x0000000608400000|  0%| F|  |TAMS 0x0000000608000000, 0x0000000608000000| Untracked 
|   9|0x0000000608400000, 0x0000000608400000, 0x0000000608800000|  0%| F|  |TAMS 0x0000000608400000, 0x0000000608400000| Untracked 
|  10|0x0000000608800000, 0x0000000608800000, 0x0000000608c00000|  0%| F|  |TAMS 0x0000000608800000, 0x0000000608800000| Untracked 
|  11|0x0000000608c00000, 0x0000000608c00000, 0x0000000609000000|  0%| F|  |TAMS 0x0000000608c00000, 0x0000000608c00000| Untracked 
|  12|0x0000000609000000, 0x0000000609000000, 0x0000000609400000|  0%| F|  |TAMS 0x0000000609000000, 0x0000000609000000| Untracked 
|  13|0x0000000609400000, 0x0000000609400000, 0x0000000609800000|  0%| F|  |TAMS 0x0000000609400000, 0x0000000609400000| Untracked 
|  14|0x0000000609800000, 0x0000000609800000, 0x0000000609c00000|  0%| F|  |TAMS 0x0000000609800000, 0x0000000609800000| Untracked 
|  15|0x0000000609c00000, 0x0000000609c00000, 0x000000060a000000|  0%| F|  |TAMS 0x0000000609c00000, 0x0000000609c00000| Untracked 
|  16|0x000000060a000000, 0x000000060a000000, 0x000000060a400000|  0%| F|  |TAMS 0x000000060a000000, 0x000000060a000000| Untracked 
|  17|0x000000060a400000, 0x000000060a400000, 0x000000060a800000|  0%| F|  |TAMS 0x000000060a400000, 0x000000060a400000| Untracked 
|  18|0x000000060a800000, 0x000000060a800000, 0x000000060ac00000|  0%| F|  |TAMS 0x000000060a800000, 0x000000060a800000| Untracked 
|  19|0x000000060ac00000, 0x000000060ac00000, 0x000000060b000000|  0%| F|  |TAMS 0x000000060ac00000, 0x000000060ac00000| Untracked 
|  20|0x000000060b000000, 0x000000060b000000, 0x000000060b400000|  0%| F|  |TAMS 0x000000060b000000, 0x000000060b000000| Untracked 
|  21|0x000000060b400000, 0x000000060b400000, 0x000000060b800000|  0%| F|  |TAMS 0x000000060b400000, 0x000000060b400000| Untracked 
|  22|0x000000060b800000, 0x000000060b800000, 0x000000060bc00000|  0%| F|  |TAMS 0x000000060b800000, 0x000000060b800000| Untracked 
|  23|0x000000060bc00000, 0x000000060bc00000, 0x000000060c000000|  0%| F|  |TAMS 0x000000060bc00000, 0x000000060bc00000| Untracked 
|  24|0x000000060c000000, 0x000000060c000000, 0x000000060c400000|  0%| F|  |TAMS 0x000000060c000000, 0x000000060c000000| Untracked 
|  25|0x000000060c400000, 0x000000060c400000, 0x000000060c800000|  0%| F|  |TAMS 0x000000060c400000, 0x000000060c400000| Untracked 
|  26|0x000000060c800000, 0x000000060c800000, 0x000000060cc00000|  0%| F|  |TAMS 0x000000060c800000, 0x000000060c800000| Untracked 
|  27|0x000000060cc00000, 0x000000060cc00000, 0x000000060d000000|  0%| F|  |TAMS 0x000000060cc00000, 0x000000060cc00000| Untracked 
|  28|0x000000060d000000, 0x000000060d000000, 0x000000060d400000|  0%| F|  |TAMS 0x000000060d000000, 0x000000060d000000| Untracked 
|  29|0x000000060d400000, 0x000000060d400000, 0x000000060d800000|  0%| F|  |TAMS 0x000000060d400000, 0x000000060d400000| Untracked 
|  30|0x000000060d800000, 0x000000060d800000, 0x000000060dc00000|  0%| F|  |TAMS 0x000000060d800000, 0x000000060d800000| Untracked 
|  31|0x000000060dc00000, 0x000000060dc00000, 0x000000060e000000|  0%| F|  |TAMS 0x000000060dc00000, 0x000000060dc00000| Untracked 
|  32|0x000000060e000000, 0x000000060e000000, 0x000000060e400000|  0%| F|  |TAMS 0x000000060e000000, 0x000000060e000000| Untracked 
|  33|0x000000060e400000, 0x000000060e400000, 0x000000060e800000|  0%| F|  |TAMS 0x000000060e400000, 0x000000060e400000| Untracked 
|  34|0x000000060e800000, 0x000000060e800000, 0x000000060ec00000|  0%| F|  |TAMS 0x000000060e800000, 0x000000060e800000| Untracked 
|  35|0x000000060ec00000, 0x000000060ec00000, 0x000000060f000000|  0%| F|  |TAMS 0x000000060ec00000, 0x000000060ec00000| Untracked 
|  36|0x000000060f000000, 0x000000060f000000, 0x000000060f400000|  0%| F|  |TAMS 0x000000060f000000, 0x000000060f000000| Untracked 
|  37|0x000000060f400000, 0x000000060f400000, 0x000000060f800000|  0%| F|  |TAMS 0x000000060f400000, 0x000000060f400000| Untracked 
|  38|0x000000060f800000, 0x000000060f800000, 0x000000060fc00000|  0%| F|  |TAMS 0x000000060f800000, 0x000000060f800000| Untracked 
|  39|0x000000060fc00000, 0x000000060fc00000, 0x0000000610000000|  0%| F|  |TAMS 0x000000060fc00000, 0x000000060fc00000| Untracked 
|  40|0x0000000610000000, 0x0000000610000000, 0x0000000610400000|  0%| F|  |TAMS 0x0000000610000000, 0x0000000610000000| Untracked 
|  41|0x0000000610400000, 0x0000000610400000, 0x0000000610800000|  0%| F|  |TAMS 0x0000000610400000, 0x0000000610400000| Untracked 
|  42|0x0000000610800000, 0x0000000610800000, 0x0000000610c00000|  0%| F|  |TAMS 0x0000000610800000, 0x0000000610800000| Untracked 
|  43|0x0000000610c00000, 0x0000000610c00000, 0x0000000611000000|  0%| F|  |TAMS 0x0000000610c00000, 0x0000000610c00000| Untracked 
|  44|0x0000000611000000, 0x0000000611000000, 0x0000000611400000|  0%| F|  |TAMS 0x0000000611000000, 0x0000000611000000| Untracked 
|  45|0x0000000611400000, 0x0000000611400000, 0x0000000611800000|  0%| F|  |TAMS 0x0000000611400000, 0x0000000611400000| Untracked 
|  46|0x0000000611800000, 0x0000000611800000, 0x0000000611c00000|  0%| F|  |TAMS 0x0000000611800000, 0x0000000611800000| Untracked 
|  47|0x0000000611c00000, 0x0000000611c00000, 0x0000000612000000|  0%| F|  |TAMS 0x0000000611c00000, 0x0000000611c00000| Untracked 
|  48|0x0000000612000000, 0x0000000612000000, 0x0000000612400000|  0%| F|  |TAMS 0x0000000612000000, 0x0000000612000000| Untracked 
|  49|0x0000000612400000, 0x0000000612400000, 0x0000000612800000|  0%| F|  |TAMS 0x0000000612400000, 0x0000000612400000| Untracked 
|  50|0x0000000612800000, 0x0000000612800000, 0x0000000612c00000|  0%| F|  |TAMS 0x0000000612800000, 0x0000000612800000| Untracked 
|  51|0x0000000612c00000, 0x0000000612c00000, 0x0000000613000000|  0%| F|  |TAMS 0x0000000612c00000, 0x0000000612c00000| Untracked 
|  52|0x0000000613000000, 0x0000000613000000, 0x0000000613400000|  0%| F|  |TAMS 0x0000000613000000, 0x0000000613000000| Untracked 
|  53|0x0000000613400000, 0x0000000613400000, 0x0000000613800000|  0%| F|  |TAMS 0x0000000613400000, 0x0000000613400000| Untracked 
|  54|0x0000000613800000, 0x0000000613800000, 0x0000000613c00000|  0%| F|  |TAMS 0x0000000613800000, 0x0000000613800000| Untracked 
|  55|0x0000000613c00000, 0x0000000613c00000, 0x0000000614000000|  0%| F|  |TAMS 0x0000000613c00000, 0x0000000613c00000| Untracked 
|  56|0x0000000614000000, 0x0000000614000000, 0x0000000614400000|  0%| F|  |TAMS 0x0000000614000000, 0x0000000614000000| Untracked 
|  57|0x0000000614400000, 0x0000000614400000, 0x0000000614800000|  0%| F|  |TAMS 0x0000000614400000, 0x0000000614400000| Untracked 
|  58|0x0000000614800000, 0x0000000614800000, 0x0000000614c00000|  0%| F|  |TAMS 0x0000000614800000, 0x0000000614800000| Untracked 
|  59|0x0000000614c00000, 0x0000000614c00000, 0x0000000615000000|  0%| F|  |TAMS 0x0000000614c00000, 0x0000000614c00000| Untracked 
|  60|0x0000000615000000, 0x0000000615000000, 0x0000000615400000|  0%| F|  |TAMS 0x0000000615000000, 0x0000000615000000| Untracked 
|  61|0x0000000615400000, 0x0000000615400000, 0x0000000615800000|  0%| F|  |TAMS 0x0000000615400000, 0x0000000615400000| Untracked 
|  62|0x0000000615800000, 0x0000000615800000, 0x0000000615c00000|  0%| F|  |TAMS 0x0000000615800000, 0x0000000615800000| Untracked 
|  63|0x0000000615c00000, 0x0000000615c00000, 0x0000000616000000|  0%| F|  |TAMS 0x0000000615c00000, 0x0000000615c00000| Untracked 
|  64|0x0000000616000000, 0x0000000616000000, 0x0000000616400000|  0%| F|  |TAMS 0x0000000616000000, 0x0000000616000000| Untracked 
|  65|0x0000000616400000, 0x0000000616400000, 0x0000000616800000|  0%| F|  |TAMS 0x0000000616400000, 0x0000000616400000| Untracked 
|  66|0x0000000616800000, 0x0000000616800000, 0x0000000616c00000|  0%| F|  |TAMS 0x0000000616800000, 0x0000000616800000| Untracked 
|  67|0x0000000616c00000, 0x0000000616c00000, 0x0000000617000000|  0%| F|  |TAMS 0x0000000616c00000, 0x0000000616c00000| Untracked 
|  68|0x0000000617000000, 0x0000000617000000, 0x0000000617400000|  0%| F|  |TAMS 0x0000000617000000, 0x0000000617000000| Untracked 
|  69|0x0000000617400000, 0x0000000617400000, 0x0000000617800000|  0%| F|  |TAMS 0x0000000617400000, 0x0000000617400000| Untracked 
|  70|0x0000000617800000, 0x0000000617800000, 0x0000000617c00000|  0%| F|  |TAMS 0x0000000617800000, 0x0000000617800000| Untracked 
|  71|0x0000000617c00000, 0x0000000617c00000, 0x0000000618000000|  0%| F|  |TAMS 0x0000000617c00000, 0x0000000617c00000| Untracked 
|  72|0x0000000618000000, 0x0000000618000000, 0x0000000618400000|  0%| F|  |TAMS 0x0000000618000000, 0x0000000618000000| Untracked 
|  73|0x0000000618400000, 0x0000000618400000, 0x0000000618800000|  0%| F|  |TAMS 0x0000000618400000, 0x0000000618400000| Untracked 
|  74|0x0000000618800000, 0x0000000618800000, 0x0000000618c00000|  0%| F|  |TAMS 0x0000000618800000, 0x0000000618800000| Untracked 
|  75|0x0000000618c00000, 0x0000000618c00000, 0x0000000619000000|  0%| F|  |TAMS 0x0000000618c00000, 0x0000000618c00000| Untracked 
|  76|0x0000000619000000, 0x0000000619000000, 0x0000000619400000|  0%| F|  |TAMS 0x0000000619000000, 0x0000000619000000| Untracked 
|  77|0x0000000619400000, 0x0000000619400000, 0x0000000619800000|  0%| F|  |TAMS 0x0000000619400000, 0x0000000619400000| Untracked 
|  78|0x0000000619800000, 0x0000000619800000, 0x0000000619c00000|  0%| F|  |TAMS 0x0000000619800000, 0x0000000619800000| Untracked 
|  79|0x0000000619c00000, 0x0000000619c00000, 0x000000061a000000|  0%| F|  |TAMS 0x0000000619c00000, 0x0000000619c00000| Untracked 
|  80|0x000000061a000000, 0x000000061a000000, 0x000000061a400000|  0%| F|  |TAMS 0x000000061a000000, 0x000000061a000000| Untracked 
|  81|0x000000061a400000, 0x000000061a400000, 0x000000061a800000|  0%| F|  |TAMS 0x000000061a400000, 0x000000061a400000| Untracked 
|  82|0x000000061a800000, 0x000000061a800000, 0x000000061ac00000|  0%| F|  |TAMS 0x000000061a800000, 0x000000061a800000| Untracked 
|  83|0x000000061ac00000, 0x000000061ac00000, 0x000000061b000000|  0%| F|  |TAMS 0x000000061ac00000, 0x000000061ac00000| Untracked 
|  84|0x000000061b000000, 0x000000061b000000, 0x000000061b400000|  0%| F|  |TAMS 0x000000061b000000, 0x000000061b000000| Untracked 
|  85|0x000000061b400000, 0x000000061b400000, 0x000000061b800000|  0%| F|  |TAMS 0x000000061b400000, 0x000000061b400000| Untracked 
|  86|0x000000061b800000, 0x000000061b800000, 0x000000061bc00000|  0%| F|  |TAMS 0x000000061b800000, 0x000000061b800000| Untracked 
|  87|0x000000061bc00000, 0x000000061bc00000, 0x000000061c000000|  0%| F|  |TAMS 0x000000061bc00000, 0x000000061bc00000| Untracked 
|  88|0x000000061c000000, 0x000000061c000000, 0x000000061c400000|  0%| F|  |TAMS 0x000000061c000000, 0x000000061c000000| Untracked 
|  89|0x000000061c400000, 0x000000061c400000, 0x000000061c800000|  0%| F|  |TAMS 0x000000061c400000, 0x000000061c400000| Untracked 
|  90|0x000000061c800000, 0x000000061c800000, 0x000000061cc00000|  0%| F|  |TAMS 0x000000061c800000, 0x000000061c800000| Untracked 
|  91|0x000000061cc00000, 0x000000061cc00000, 0x000000061d000000|  0%| F|  |TAMS 0x000000061cc00000, 0x000000061cc00000| Untracked 
|  92|0x000000061d000000, 0x000000061d000000, 0x000000061d400000|  0%| F|  |TAMS 0x000000061d000000, 0x000000061d000000| Untracked 
|  93|0x000000061d400000, 0x000000061d400000, 0x000000061d800000|  0%| F|  |TAMS 0x000000061d400000, 0x000000061d400000| Untracked 
|  94|0x000000061d800000, 0x000000061d800000, 0x000000061dc00000|  0%| F|  |TAMS 0x000000061d800000, 0x000000061d800000| Untracked 
|  95|0x000000061dc00000, 0x000000061dc00000, 0x000000061e000000|  0%| F|  |TAMS 0x000000061dc00000, 0x000000061dc00000| Untracked 
|  96|0x000000061e000000, 0x000000061e000000, 0x000000061e400000|  0%| F|  |TAMS 0x000000061e000000, 0x000000061e000000| Untracked 
|  97|0x000000061e400000, 0x000000061e400000, 0x000000061e800000|  0%| F|  |TAMS 0x000000061e400000, 0x000000061e400000| Untracked 
|  98|0x000000061e800000, 0x000000061e800000, 0x000000061ec00000|  0%| F|  |TAMS 0x000000061e800000, 0x000000061e800000| Untracked 
|  99|0x000000061ec00000, 0x000000061ec00000, 0x000000061f000000|  0%| F|  |TAMS 0x000000061ec00000, 0x000000061ec00000| Untracked 
| 100|0x000000061f000000, 0x000000061f000000, 0x000000061f400000|  0%| F|  |TAMS 0x000000061f000000, 0x000000061f000000| Untracked 
| 101|0x000000061f400000, 0x000000061f400000, 0x000000061f800000|  0%| F|  |TAMS 0x000000061f400000, 0x000000061f400000| Untracked 
| 102|0x000000061f800000, 0x000000061f800000, 0x000000061fc00000|  0%| F|  |TAMS 0x000000061f800000, 0x000000061f800000| Untracked 
| 103|0x000000061fc00000, 0x000000061fc00000, 0x0000000620000000|  0%| F|  |TAMS 0x000000061fc00000, 0x000000061fc00000| Untracked 
| 104|0x0000000620000000, 0x0000000620000000, 0x0000000620400000|  0%| F|  |TAMS 0x0000000620000000, 0x0000000620000000| Untracked 
| 105|0x0000000620400000, 0x0000000620400000, 0x0000000620800000|  0%| F|  |TAMS 0x0000000620400000, 0x0000000620400000| Untracked 
| 106|0x0000000620800000, 0x0000000620800000, 0x0000000620c00000|  0%| F|  |TAMS 0x0000000620800000, 0x0000000620800000| Untracked 
| 107|0x0000000620c00000, 0x0000000620c00000, 0x0000000621000000|  0%| F|  |TAMS 0x0000000620c00000, 0x0000000620c00000| Untracked 
| 108|0x0000000621000000, 0x0000000621000000, 0x0000000621400000|  0%| F|  |TAMS 0x0000000621000000, 0x0000000621000000| Untracked 
| 109|0x0000000621400000, 0x0000000621400000, 0x0000000621800000|  0%| F|  |TAMS 0x0000000621400000, 0x0000000621400000| Untracked 
| 110|0x0000000621800000, 0x0000000621800000, 0x0000000621c00000|  0%| F|  |TAMS 0x0000000621800000, 0x0000000621800000| Untracked 
| 111|0x0000000621c00000, 0x0000000621c00000, 0x0000000622000000|  0%| F|  |TAMS 0x0000000621c00000, 0x0000000621c00000| Untracked 
| 112|0x0000000622000000, 0x0000000622000000, 0x0000000622400000|  0%| F|  |TAMS 0x0000000622000000, 0x0000000622000000| Untracked 
| 113|0x0000000622400000, 0x0000000622400000, 0x0000000622800000|  0%| F|  |TAMS 0x0000000622400000, 0x0000000622400000| Untracked 
| 114|0x0000000622800000, 0x0000000622800000, 0x0000000622c00000|  0%| F|  |TAMS 0x0000000622800000, 0x0000000622800000| Untracked 
| 115|0x0000000622c00000, 0x0000000622c00000, 0x0000000623000000|  0%| F|  |TAMS 0x0000000622c00000, 0x0000000622c00000| Untracked 
| 116|0x0000000623000000, 0x0000000623000000, 0x0000000623400000|  0%| F|  |TAMS 0x0000000623000000, 0x0000000623000000| Untracked 
| 117|0x0000000623400000, 0x0000000623600800, 0x0000000623800000| 50%| E|  |TAMS 0x0000000623400000, 0x0000000623400000| Complete 
| 118|0x0000000623800000, 0x000000062385a508, 0x0000000623c00000|  8%| S|CS|TAMS 0x0000000623800000, 0x0000000623800000| Complete 
| 119|0x0000000623c00000, 0x0000000624000000, 0x0000000624000000|100%| E|CS|TAMS 0x0000000623c00000, 0x0000000623c00000| Complete 
| 120|0x0000000624000000, 0x0000000624400000, 0x0000000624400000|100%| E|CS|TAMS 0x0000000624000000, 0x0000000624000000| Complete 
| 121|0x0000000624400000, 0x0000000624800000, 0x0000000624800000|100%| E|CS|TAMS 0x0000000624400000, 0x0000000624400000| Complete 
| 122|0x0000000624800000, 0x0000000624c00000, 0x0000000624c00000|100%| E|CS|TAMS 0x0000000624800000, 0x0000000624800000| Complete 
| 123|0x0000000624c00000, 0x0000000625000000, 0x0000000625000000|100%| E|CS|TAMS 0x0000000624c00000, 0x0000000624c00000| Complete 
| 124|0x0000000625000000, 0x0000000625400000, 0x0000000625400000|100%| E|CS|TAMS 0x0000000625000000, 0x0000000625000000| Complete 
| 125|0x0000000625400000, 0x0000000625800000, 0x0000000625800000|100%| E|CS|TAMS 0x0000000625400000, 0x0000000625400000| Complete 
| 126|0x0000000625800000, 0x0000000625c00000, 0x0000000625c00000|100%| E|CS|TAMS 0x0000000625800000, 0x0000000625800000| Complete 

Card table byte_map: [0x000001a31c770000,0x000001a31d740000] _byte_map_base: 0x000001a319740000

Marking Bits (Prev, Next): (CMBitMap*) 0x000001a3044d3350, (CMBitMap*) 0x000001a3044d3390
 Prev Bits: [0x000001a31e710000, 0x000001a326590000)
 Next Bits: [0x000001a326590000, 0x000001a32e410000)

Polling page: 0x000001a302400000

Metaspace:

Usage:
  Non-class:      5.38 MB used.
      Class:    628.79 KB used.
       Both:      5.99 MB used.

Virtual space:
  Non-class space:       64.00 MB reserved,       5.50 MB (  9%) committed,  1 nodes.
      Class space:        1.00 GB reserved,     768.00 KB ( <1%) committed,  1 nodes.
             Both:        1.06 GB reserved,       6.25 MB ( <1%) committed. 

Chunk freelists:
   Non-Class:  7.97 MB
       Class:  15.18 MB
        Both:  23.15 MB

MaxMetaspaceSize: unlimited
CompressedClassSpaceSize: 1.00 GB
Initial GC threshold: 21.00 MB
Current GC threshold: 21.00 MB
CDS: on
MetaspaceReclaimPolicy: balanced
 - commit_granule_bytes: 65536.
 - commit_granule_words: 8192.
 - virtual_space_node_default_size: 8388608.
 - enlarge_chunks_in_place: 1.
 - new_chunks_are_fully_committed: 0.
 - uncommit_free_chunks: 1.
 - use_allocation_guard: 0.
 - handle_deallocations: 1.


Internal statistics:

num_allocs_failed_limit: 0.
num_arena_births: 198.
num_arena_deaths: 0.
num_vsnodes_births: 2.
num_vsnodes_deaths: 0.
num_space_committed: 100.
num_space_uncommitted: 0.
num_chunks_returned_to_freelist: 0.
num_chunks_taken_from_freelist: 450.
num_chunk_merges: 0.
num_chunk_splits: 281.
num_chunks_enlarged: 192.
num_inconsistent_stats: 0.

CodeHeap 'non-profiled nmethods': size=119168Kb used=753Kb max_used=753Kb free=118414Kb
 bounds [0x000001a313ac0000, 0x000001a313d30000, 0x000001a31af20000]
CodeHeap 'profiled nmethods': size=119104Kb used=3232Kb max_used=3232Kb free=115871Kb
 bounds [0x000001a30bf20000, 0x000001a30c250000, 0x000001a313370000]
CodeHeap 'non-nmethods': size=7488Kb used=1245Kb max_used=2951Kb free=6243Kb
 bounds [0x000001a313370000, 0x000001a313660000, 0x000001a313ac0000]
 total_blobs=2444 nmethods=1883 adapters=474
 compilation: enabled
              stopped_count=0, restarted_count=0
 full_count=0

Compilation events (20 events):
Event: 64.969 Thread 0x000001a32e6c1e30 nmethod 1874 0x000001a313b75490 code [0x000001a313b75620, 0x000001a313b75ad8]
Event: 64.970 Thread 0x000001a3020fa870 nmethod 1873 0x000001a313b75e10 code [0x000001a313b75fa0, 0x000001a313b766b8]
Event: 66.113 Thread 0x000001a3020fa870 1875       4       edu.wpi.first.math.filter.LinearFilter::calculate (114 bytes)
Event: 66.116 Thread 0x000001a3020fa870 nmethod 1875 0x000001a313b76b90 code [0x000001a313b76d40, 0x000001a313b770d8]
Event: 67.133 Thread 0x000001a32e6c1e30 1876       4       edu.wpi.first.math.kinematics.SwerveDriveKinematics::toChassisSpeeds (138 bytes)
Event: 67.145 Thread 0x000001a32e6c1e30 nmethod 1876 0x000001a313b77390 code [0x000001a313b77580, 0x000001a313b78308]
Event: 67.145 Thread 0x000001a32e6c1e30 1877       4       frc.team449.control.holonomic.SwerveDrive::initSendable$lambda$21 (60 bytes)
Event: 67.148 Thread 0x000001a32e6c1e30 nmethod 1877 0x000001a313b78c10 code [0x000001a313b78dc0, 0x000001a313b791d8]
Event: 68.574 Thread 0x000001a32e6c1e30 1878       4       java.util.TreeMap::getEntry (77 bytes)
Event: 68.575 Thread 0x000001a32e6c1e30 nmethod 1878 0x000001a313b79690 code [0x000001a313b79820, 0x000001a313b79a38]
Event: 69.673 Thread 0x000001a32e6c1e30 1879       4       edu.wpi.first.math.kinematics.SwerveDriveKinematics::toSwerveModuleStates (343 bytes)
Event: 69.677 Thread 0x000001a32e6c1e30 nmethod 1879 0x000001a313b79c90 code [0x000001a313b79e60, 0x000001a313b7a598]
Event: 69.693 Thread 0x000001a32e6c1e30 1880       4       frc.team449.control.holonomic.SwerveDrive::initSendable$lambda$27 (60 bytes)
Event: 69.695 Thread 0x000001a32e6c1e30 nmethod 1880 0x000001a313b7a910 code [0x000001a313b7aac0, 0x000001a313b7ae68]
Event: 72.153 Thread 0x000001a32e6c1e30 1881       4       edu.wpi.first.wpilibj.event.BooleanEvent$$Lambda$71/0x000001a3330a71a8::getAsBoolean (8 bytes)
Event: 72.153 Thread 0x000001a32e6c1e30 nmethod 1881 0x000001a313b7b310 code [0x000001a313b7b480, 0x000001a313b7b518]
Event: 72.253 Thread 0x000001a32e6c1e30 1882       4       frc.team449.control.holonomic.SwerveDrive::initSendable$lambda$19 (60 bytes)
Event: 72.257 Thread 0x000001a32e6c1e30 nmethod 1882 0x000001a313b7b610 code [0x000001a313b7b7c0, 0x000001a313b7bb18]
Event: 72.257 Thread 0x000001a32e6c1e30 1883       4       frc.team449.control.holonomic.SwerveDrive::initSendable$lambda$24 (60 bytes)
Event: 72.260 Thread 0x000001a32e6c1e30 nmethod 1883 0x000001a313b7bd90 code [0x000001a313b7bf40, 0x000001a313b7c2e8]

GC Heap History (4 events):
Event: 4.653 GC heap before
{Heap before GC invocations=0 (full 0):
 garbage-first heap   total 520192K, used 24576K [0x0000000606000000, 0x0000000800000000)
  region size 4096K, 6 young (24576K), 0 survivors (0K)
 Metaspace       used 5950K, committed 6208K, reserved 1114112K
  class space    used 627K, committed 768K, reserved 1048576K
}
Event: 4.657 GC heap after
{Heap after GC invocations=1 (full 0):
 garbage-first heap   total 520192K, used 2815K [0x0000000606000000, 0x0000000800000000)
  region size 4096K, 1 young (4096K), 1 survivors (4096K)
 Metaspace       used 5950K, committed 6208K, reserved 1114112K
  class space    used 627K, committed 768K, reserved 1048576K
}
Event: 39.834 GC heap before
{Heap before GC invocations=1 (full 0):
 garbage-first heap   total 520192K, used 31487K [0x0000000606000000, 0x0000000800000000)
  region size 4096K, 8 young (32768K), 1 survivors (4096K)
 Metaspace       used 6132K, committed 6400K, reserved 1114112K
  class space    used 628K, committed 768K, reserved 1048576K
}
Event: 39.839 GC heap after
{Heap after GC invocations=2 (full 0):
 garbage-first heap   total 520192K, used 2918K [0x0000000606000000, 0x0000000800000000)
  region size 4096K, 1 young (4096K), 1 survivors (4096K)
 Metaspace       used 6132K, committed 6400K, reserved 1114112K
  class space    used 628K, committed 768K, reserved 1048576K
}

Dll operation events (10 events):
Event: 0.018 Loaded shared library C:\Users\jpoth\.jdks\corretto-17.0.8\bin\java.dll
Event: 0.056 Loaded shared library C:\Users\jpoth\.jdks\corretto-17.0.8\bin\jsvml.dll
Event: 0.125 Loaded shared library C:\Users\jpoth\.jdks\corretto-17.0.8\bin\net.dll
Event: 0.128 Loaded shared library C:\Users\jpoth\.jdks\corretto-17.0.8\bin\nio.dll
Event: 0.146 Loaded shared library C:\Users\jpoth\.jdks\corretto-17.0.8\bin\zip.dll
Event: 0.198 Loaded shared library C:\Users\jpoth\IdeaProjects\framework2024\build\jni\release\wpiHaljni.dll
Event: 0.470 Loaded shared library C:\Users\jpoth\IdeaProjects\framework2024\build\jni\release\ntcorejni.dll
Event: 0.486 Loaded shared library C:\Users\jpoth\IdeaProjects\framework2024\build\jni\release\wpiutiljni.dll
Event: 0.659 Loaded shared library C:\Users\jpoth\IdeaProjects\framework2024\build\jni\release\REVLibDriver.dll
Event: 0.955 Loaded shared library C:\Users\jpoth\IdeaProjects\framework2024\build\jni\release\URCLDriver.dll

Deoptimization events (20 events):
Event: 44.992 Thread 0x000001a3788025a0 Uncommon trap: trap_request=0xffffffbe fr.pc=0x000001a313b5b2ac relative=0x00000000000012ec
Event: 44.992 Thread 0x000001a3788025a0 Uncommon trap: reason=profile_predicate action=maybe_recompile pc=0x000001a313b5b2ac method=monologue.GenericLogger.update(Z)V @ 32 c2
Event: 44.992 Thread 0x000001a3788025a0 DEOPT PACKING pc=0x000001a313b5b2ac sp=0x0000002d4d1fec90
Event: 44.992 Thread 0x000001a3788025a0 DEOPT UNPACKING pc=0x000001a3133c69a3 sp=0x0000002d4d1fec60 mode 2
Event: 45.012 Thread 0x000001a3788025a0 Uncommon trap: trap_request=0xffffffbe fr.pc=0x000001a313b5b2ac relative=0x00000000000012ec
Event: 45.012 Thread 0x000001a3788025a0 Uncommon trap: reason=profile_predicate action=maybe_recompile pc=0x000001a313b5b2ac method=monologue.GenericLogger.update(Z)V @ 32 c2
Event: 45.012 Thread 0x000001a3788025a0 DEOPT PACKING pc=0x000001a313b5b2ac sp=0x0000002d4d1fec90
Event: 45.012 Thread 0x000001a3788025a0 DEOPT UNPACKING pc=0x000001a3133c69a3 sp=0x0000002d4d1fec60 mode 2
Event: 45.033 Thread 0x000001a3788025a0 Uncommon trap: trap_request=0xffffffbe fr.pc=0x000001a313b5b2ac relative=0x00000000000012ec
Event: 45.033 Thread 0x000001a3788025a0 Uncommon trap: reason=profile_predicate action=maybe_recompile pc=0x000001a313b5b2ac method=monologue.GenericLogger.update(Z)V @ 32 c2
Event: 45.033 Thread 0x000001a3788025a0 DEOPT PACKING pc=0x000001a313b5b2ac sp=0x0000002d4d1fec90
Event: 45.033 Thread 0x000001a3788025a0 DEOPT UNPACKING pc=0x000001a3133c69a3 sp=0x0000002d4d1fec60 mode 2
Event: 45.053 Thread 0x000001a3788025a0 Uncommon trap: trap_request=0xffffffbe fr.pc=0x000001a313b5b2ac relative=0x00000000000012ec
Event: 45.053 Thread 0x000001a3788025a0 Uncommon trap: reason=profile_predicate action=maybe_recompile pc=0x000001a313b5b2ac method=monologue.GenericLogger.update(Z)V @ 32 c2
Event: 45.053 Thread 0x000001a3788025a0 DEOPT PACKING pc=0x000001a313b5b2ac sp=0x0000002d4d1fec90
Event: 45.053 Thread 0x000001a3788025a0 DEOPT UNPACKING pc=0x000001a3133c69a3 sp=0x0000002d4d1fec60 mode 2
Event: 54.719 Thread 0x000001a380a01b70 Uncommon trap: trap_request=0xffffff5c fr.pc=0x000001a313b68264 relative=0x0000000000000064
Event: 54.719 Thread 0x000001a380a01b70 Uncommon trap: reason=speculate_null_check action=make_not_entrant pc=0x000001a313b68264 method=jdk.internal.misc.Unsafe.getIntUnaligned(Ljava/lang/Object;JZ)I @ 5 c2
Event: 54.719 Thread 0x000001a380a01b70 DEOPT PACKING pc=0x000001a313b68264 sp=0x0000002d500ff140
Event: 54.719 Thread 0x000001a380a01b70 DEOPT UNPACKING pc=0x000001a3133c69a3 sp=0x0000002d500ff098 mode 2

Classes unloaded (0 events):
No events

Classes redefined (0 events):
No events

Internal exceptions (20 events):
Event: 0.779 Thread 0x000001a3788025a0 Exception <a 'java/lang/NoSuchMethodError'{0x0000000624f579f0}: 'java.lang.Object java.lang.invoke.DirectMethodHandle$Holder.newInvokeSpecial(java.lang.Object, double)'> (0x0000000624f579f0) 
thrown [s\src\hotspot\share\interpreter\linkResolver.cpp, line 759]
Event: 0.781 Thread 0x000001a3788025a0 Exception <a 'java/lang/NoSuchMethodError'{0x0000000624f65720}: 'double java.lang.invoke.DirectMethodHandle$Holder.invokeStatic(java.lang.Object, double)'> (0x0000000624f65720) 
thrown [s\src\hotspot\share\interpreter\linkResolver.cpp, line 759]
Event: 0.782 Thread 0x000001a3788025a0 Exception <a 'java/lang/NoSuchMethodError'{0x0000000624f68c30}: 'double java.lang.invoke.DirectMethodHandle$Holder.invokeStaticInit(java.lang.Object, double)'> (0x0000000624f68c30) 
thrown [s\src\hotspot\share\interpreter\linkResolver.cpp, line 759]
Event: 0.792 Thread 0x000001a3788025a0 Exception <a 'java/lang/NoSuchMethodError'{0x0000000624f98658}: 'java.lang.Object java.lang.invoke.DirectMethodHandle$Holder.newInvokeSpecial(java.lang.Object, java.lang.Object, double, double)'> (0x0000000624f98658) 
thrown [s\src\hotspot\share\interpreter\linkResolver.cpp, line 759]
Event: 0.804 Thread 0x000001a3788025a0 Exception <a 'java/lang/NoSuchMethodError'{0x0000000624fde3f0}: 'int java.lang.invoke.DirectMethodHandle$Holder.invokeStatic(java.lang.Object)'> (0x0000000624fde3f0) 
thrown [s\src\hotspot\share\interpreter\linkResolver.cpp, line 759]
Event: 0.810 Thread 0x000001a3788025a0 Exception <a 'java/lang/NoSuchMethodError'{0x00000006248000d0}: 'void java.lang.invoke.DirectMethodHandle$Holder.invokeSpecial(java.lang.Object, java.lang.Object, java.lang.Object)'> (0x00000006248000d0) 
thrown [s\src\hotspot\share\interpreter\linkResolver.cpp, line 759]
Event: 0.817 Thread 0x000001a3788025a0 Exception <a 'java/lang/NoSuchMethodError'{0x0000000624828aa8}: 'int java.lang.invoke.DirectMethodHandle$Holder.invokeVirtual(java.lang.Object, java.lang.Object)'> (0x0000000624828aa8) 
thrown [s\src\hotspot\share\interpreter\linkResolver.cpp, line 759]
Event: 0.834 Thread 0x000001a3788025a0 Exception <a 'java/lang/NoSuchMethodError'{0x00000006248870b0}: 'java.lang.Object java.lang.invoke.DirectMethodHandle$Holder.newInvokeSpecial(java.lang.Object, java.lang.Object, int, int)'> (0x00000006248870b0) 
thrown [s\src\hotspot\share\interpreter\linkResolver.cpp, line 759]
Event: 0.841 Thread 0x000001a3788025a0 Exception <a 'java/lang/NoSuchMethodError'{0x00000006248c5f90}: 'java.lang.Object java.lang.invoke.DirectMethodHandle$Holder.newInvokeSpecial(java.lang.Object, java.lang.Object, double, java.lang.Object, java.lang.Object)'> (0x00000006248c5f90) 
thrown [s\src\hotspot\share\interpreter\linkResolver.cpp, line 759]
Event: 0.844 Thread 0x000001a3788025a0 Exception <a 'java/lang/NoSuchMethodError'{0x00000006248dbe98}: 'void java.lang.invoke.DirectMethodHandle$Holder.invokeStatic(java.lang.Object, java.lang.Object, int)'> (0x00000006248dbe98) 
thrown [s\src\hotspot\share\interpreter\linkResolver.cpp, line 759]
Event: 0.847 Thread 0x000001a3788025a0 Exception <a 'java/lang/NoSuchMethodError'{0x00000006248f1bb0}: 'java.lang.Object java.lang.invoke.DirectMethodHandle$Holder.invokeSpecial(java.lang.Object, java.lang.Object, java.lang.Object, double)'> (0x00000006248f1bb0) 
thrown [s\src\hotspot\share\interpreter\linkResolver.cpp, line 759]
Event: 0.849 Thread 0x000001a3788025a0 Exception <a 'java/lang/NoSuchMethodError'{0x00000006248ffab0}: 'void java.lang.invoke.DirectMethodHandle$Holder.invokeSpecial(java.lang.Object, java.lang.Object, double)'> (0x00000006248ffab0) 
thrown [s\src\hotspot\share\interpreter\linkResolver.cpp, line 759]
Event: 0.850 Thread 0x000001a3788025a0 Exception <a 'java/lang/NoSuchMethodError'{0x0000000624905908}: 'java.lang.Object java.lang.invoke.DirectMethodHandle$Holder.newInvokeSpecial(java.lang.Object, java.lang.Object, double)'> (0x0000000624905908) 
thrown [s\src\hotspot\share\interpreter\linkResolver.cpp, line 759]
Event: 0.908 Thread 0x000001a3788025a0 Exception <a 'java/lang/NoSuchMethodError'{0x0000000624ac1180}: 'java.lang.Object java.lang.invoke.DirectMethodHandle$Holder.newInvokeSpecial(java.lang.Object, java.lang.Object, int)'> (0x0000000624ac1180) 
thrown [s\src\hotspot\share\interpreter\linkResolver.cpp, line 759]
Event: 0.909 Thread 0x000001a3788025a0 Exception <a 'java/lang/NoSuchMethodError'{0x0000000624ac7a28}: 'double java.lang.invoke.DirectMethodHandle$Holder.invokeSpecial(java.lang.Object, java.lang.Object)'> (0x0000000624ac7a28) 
thrown [s\src\hotspot\share\interpreter\linkResolver.cpp, line 759]
Event: 0.911 Thread 0x000001a3788025a0 Exception <a 'java/lang/NoSuchMethodError'{0x0000000624ad24a0}: 'void java.lang.invoke.DirectMethodHandle$Holder.invokeSpecial(java.lang.Object, java.lang.Object, int)'> (0x0000000624ad24a0) 
thrown [s\src\hotspot\share\interpreter\linkResolver.cpp, line 759]
Event: 0.927 Thread 0x000001a3788025a0 Exception <a 'java/lang/NoSuchMethodError'{0x0000000624b2d778}: 'void java.lang.invoke.DirectMethodHandle$Holder.invokeStatic(java.lang.Object, java.lang.Object, double)'> (0x0000000624b2d778) 
thrown [s\src\hotspot\share\interpreter\linkResolver.cpp, line 759]
Event: 0.967 Thread 0x000001a3788025a0 Exception <a 'java/lang/NoSuchMethodError'{0x000000062441f548}: 'void java.lang.invoke.DirectMethodHandle$Holder.invokeInterface(java.lang.Object, java.lang.Object)'> (0x000000062441f548) 
thrown [s\src\hotspot\share\interpreter\linkResolver.cpp, line 759]
Event: 0.971 Thread 0x000001a3788025a0 Exception <a 'java/lang/NoSuchMethodError'{0x000000062442a708}: 'void java.lang.invoke.DirectMethodHandle$Holder.invokeStatic(java.lang.Object, long, java.lang.Object)'> (0x000000062442a708) 
thrown [s\src\hotspot\share\interpreter\linkResolver.cpp, line 759]
Event: 0.972 Thread 0x000001a3788025a0 Exception <a 'java/lang/NoSuchMethodError'{0x00000006244306b8}: 'java.lang.Object java.lang.invoke.DirectMethodHandle$Holder.newInvokeSpecial(java.lang.Object, long)'> (0x00000006244306b8) 
thrown [s\src\hotspot\share\interpreter\linkResolver.cpp, line 759]

VM Operations (20 events):
Event: 31.670 Executing VM operation: Cleanup
Event: 31.671 Executing VM operation: Cleanup done
Event: 32.671 Executing VM operation: Cleanup
Event: 32.672 Executing VM operation: Cleanup done
Event: 36.674 Executing VM operation: Cleanup
Event: 36.674 Executing VM operation: Cleanup done
Event: 39.834 Executing VM operation: G1CollectForAllocation
Event: 39.840 Executing VM operation: G1CollectForAllocation done
Event: 45.843 Executing VM operation: Cleanup
Event: 45.843 Executing VM operation: Cleanup done
Event: 46.843 Executing VM operation: Cleanup
Event: 46.843 Executing VM operation: Cleanup done
Event: 54.846 Executing VM operation: Cleanup
Event: 54.846 Executing VM operation: Cleanup done
Event: 60.223 Executing VM operation: HandshakeAllThreads
Event: 60.223 Executing VM operation: HandshakeAllThreads done
Event: 65.225 Executing VM operation: Cleanup
Event: 65.226 Executing VM operation: Cleanup done
Event: 72.229 Executing VM operation: Cleanup
Event: 72.230 Executing VM operation: Cleanup done

Events (20 events):
Event: 10.794 Thread 0x000001a38064b8f0 Thread added: 0x000001a38064b8f0
Event: 11.673 Thread 0x000001a38064b8f0 Thread exited: 0x000001a38064b8f0
Event: 11.733 Thread 0x000001a380842370 Thread exited: 0x000001a380842370
Event: 11.952 Thread 0x000001a380840660 Thread exited: 0x000001a380840660
Event: 13.373 Thread 0x000001a380840660 Thread added: 0x000001a380840660
Event: 13.373 Thread 0x000001a380842370 Thread added: 0x000001a380842370
Event: 13.374 Thread 0x000001a38064b8f0 Thread added: 0x000001a38064b8f0
Event: 13.913 Thread 0x000001a38064b8f0 Thread exited: 0x000001a38064b8f0
Event: 13.953 Thread 0x000001a380842370 Thread exited: 0x000001a380842370
Event: 13.953 Thread 0x000001a380840660 Thread exited: 0x000001a380840660
Event: 15.934 Thread 0x000001a38064b8f0 Thread added: 0x000001a38064b8f0
Event: 15.934 Thread 0x000001a380676070 Thread added: 0x000001a380676070
Event: 16.573 Thread 0x000001a380676070 Thread exited: 0x000001a380676070
Event: 16.573 Thread 0x000001a38064b8f0 Thread exited: 0x000001a38064b8f0
Event: 21.893 loading class jdk/internal/misc/ScopedMemoryAccess$Scope
Event: 21.893 loading class jdk/internal/misc/ScopedMemoryAccess$Scope done
Event: 54.240 loading class jdk/internal/access/foreign/MemorySegmentProxy
Event: 54.240 loading class jdk/internal/access/foreign/MemorySegmentProxy done
Event: 64.585 Thread 0x000001a3020fa870 Thread added: 0x000001a3020fa870
Event: 67.133 Thread 0x000001a3020fa870 Thread exited: 0x000001a3020fa870


Dynamic libraries:
0x00007ff6d2990000 - 0x00007ff6d299d000 	C:\Users\jpoth\.jdks\corretto-17.0.8\bin\java.exe
0x00007ffa48f50000 - 0x00007ffa49167000 	C:\WINDOWS\SYSTEM32\ntdll.dll
0x00007ffa48380000 - 0x00007ffa48444000 	C:\WINDOWS\System32\KERNEL32.DLL
0x00007ffa46580000 - 0x00007ffa46927000 	C:\WINDOWS\System32\KERNELBASE.dll
0x00007ffa469f0000 - 0x00007ffa46b01000 	C:\WINDOWS\System32\ucrtbase.dll
0x00007ffa20100000 - 0x00007ffa20115000 	C:\Users\jpoth\.jdks\corretto-17.0.8\bin\VCRUNTIME140.dll
0x00007ffa240a0000 - 0x00007ffa240b7000 	C:\Users\jpoth\.jdks\corretto-17.0.8\bin\jli.dll
0x00007ffa48ab0000 - 0x00007ffa48c5e000 	C:\WINDOWS\System32\USER32.dll
0x00007ffa46430000 - 0x00007ffa46456000 	C:\WINDOWS\System32\win32u.dll
0x00007ffa30a30000 - 0x00007ffa30cc3000 	C:\WINDOWS\WinSxS\amd64_microsoft.windows.common-controls_6595b64144ccf1df_6.0.22621.3527_none_270e469b73872a76\COMCTL32.dll
0x00007ffa48350000 - 0x00007ffa48379000 	C:\WINDOWS\System32\GDI32.dll
0x00007ffa482a0000 - 0x00007ffa48347000 	C:\WINDOWS\System32\msvcrt.dll
0x00007ffa46460000 - 0x00007ffa46579000 	C:\WINDOWS\System32\gdi32full.dll
0x00007ffa46360000 - 0x00007ffa463fa000 	C:\WINDOWS\System32\msvcp_win.dll
0x00007ffa472c0000 - 0x00007ffa472f1000 	C:\WINDOWS\System32\IMM32.DLL
0x00007ff9d8360000 - 0x00007ff9d83fb000 	C:\Users\jpoth\.jdks\corretto-17.0.8\bin\msvcp140.dll
0x00007ff99e0f0000 - 0x00007ff99ed0d000 	C:\Users\jpoth\.jdks\corretto-17.0.8\bin\server\jvm.dll
0x00007ffa48450000 - 0x00007ffa48502000 	C:\WINDOWS\System32\ADVAPI32.dll
0x00007ffa46d90000 - 0x00007ffa46e38000 	C:\WINDOWS\System32\sechost.dll
0x00007ffa46400000 - 0x00007ffa46428000 	C:\WINDOWS\System32\bcrypt.dll
0x00007ffa48df0000 - 0x00007ffa48f05000 	C:\WINDOWS\System32\RPCRT4.dll
0x00007ffa0f060000 - 0x00007ffa0f069000 	C:\WINDOWS\SYSTEM32\WSOCK32.dll
0x00007ffa3d750000 - 0x00007ffa3d784000 	C:\WINDOWS\SYSTEM32\WINMM.dll
0x00007ffa450b0000 - 0x00007ffa450fd000 	C:\WINDOWS\SYSTEM32\POWRPROF.dll
0x00007ffa47d60000 - 0x00007ffa47dd1000 	C:\WINDOWS\System32\WS2_32.dll
0x00007ffa271a0000 - 0x00007ffa271aa000 	C:\WINDOWS\SYSTEM32\VERSION.dll
0x00007ffa45090000 - 0x00007ffa450a3000 	C:\WINDOWS\SYSTEM32\UMPDC.dll
0x00007ffa45350000 - 0x00007ffa45368000 	C:\WINDOWS\SYSTEM32\kernel.appcore.dll
0x00007ffa3d970000 - 0x00007ffa3d97a000 	C:\Users\jpoth\.jdks\corretto-17.0.8\bin\jimage.dll
0x00007ffa38790000 - 0x00007ffa389c2000 	C:\WINDOWS\SYSTEM32\DBGHELP.DLL
0x00007ffa47de0000 - 0x00007ffa48168000 	C:\WINDOWS\System32\combase.dll
0x00007ffa48c70000 - 0x00007ffa48d47000 	C:\WINDOWS\System32\OLEAUT32.dll
0x00007ffa38d10000 - 0x00007ffa38d42000 	C:\WINDOWS\SYSTEM32\dbgcore.DLL
0x00007ffa46270000 - 0x00007ffa462e9000 	C:\WINDOWS\System32\bcryptPrimitives.dll
0x00007ffa1b4a0000 - 0x00007ffa1b4c5000 	C:\Users\jpoth\.jdks\corretto-17.0.8\bin\java.dll
0x00007ff9d6ac0000 - 0x00007ff9d6b96000 	C:\Users\jpoth\.jdks\corretto-17.0.8\bin\jsvml.dll
0x00007ffa47300000 - 0x00007ffa47b5c000 	C:\WINDOWS\System32\SHELL32.dll
0x00007ffa44170000 - 0x00007ffa44a66000 	C:\WINDOWS\SYSTEM32\windows.storage.dll
0x00007ffa44030000 - 0x00007ffa4416e000 	C:\WINDOWS\SYSTEM32\wintypes.dll
0x00007ffa481a0000 - 0x00007ffa48295000 	C:\WINDOWS\System32\SHCORE.dll
0x00007ffa488c0000 - 0x00007ffa4891e000 	C:\WINDOWS\System32\shlwapi.dll
0x00007ffa461a0000 - 0x00007ffa461c1000 	C:\WINDOWS\SYSTEM32\profapi.dll
0x00007ffa1b330000 - 0x00007ffa1b349000 	C:\Users\jpoth\.jdks\corretto-17.0.8\bin\net.dll
0x00007ffa3ed20000 - 0x00007ffa3ee56000 	C:\WINDOWS\SYSTEM32\WINHTTP.dll
0x00007ffa457b0000 - 0x00007ffa45819000 	C:\WINDOWS\system32\mswsock.dll
0x00007ffa1aa90000 - 0x00007ffa1aaa5000 	C:\Users\jpoth\.jdks\corretto-17.0.8\bin\nio.dll
0x00007ffa1b350000 - 0x00007ffa1b368000 	C:\Users\jpoth\.jdks\corretto-17.0.8\bin\zip.dll
0x00007ff9e8260000 - 0x00007ff9e82a4000 	C:\Users\jpoth\IdeaProjects\framework2024\build\jni\release\wpiHaljni.dll
0x00007ffa0eef0000 - 0x00007ffa0eefc000 	C:\WINDOWS\SYSTEM32\VCRUNTIME140_1.dll
0x00007ff9d4fa0000 - 0x00007ff9d5046000 	C:\Users\jpoth\IdeaProjects\framework2024\build\jni\release\wpiHal.dll
0x00007ff9c3a80000 - 0x00007ff9c3e3c000 	C:\Users\jpoth\IdeaProjects\framework2024\build\jni\release\wpiutil.dll
0x00007ff9a4c50000 - 0x00007ff9a56ae000 	C:\Users\jpoth\IdeaProjects\framework2024\build\jni\release\halsim_gui.dll
0x00007ffa41aa0000 - 0x00007ffa41e86000 	C:\WINDOWS\SYSTEM32\D3DCOMPILER_47.dll
0x00007ffa42480000 - 0x00007ffa426d7000 	C:\WINDOWS\SYSTEM32\d3d11.dll
0x00007ffa43800000 - 0x00007ffa438f7000 	C:\WINDOWS\SYSTEM32\dxgi.dll
0x00007ffa45a00000 - 0x00007ffa45a1b000 	C:\WINDOWS\SYSTEM32\CRYPTSP.dll
0x00007ff9d4e10000 - 0x00007ff9d4f97000 	C:\Users\jpoth\IdeaProjects\framework2024\build\jni\release\ntcore.dll
0x00007ff9c3390000 - 0x00007ff9c374f000 	C:\Users\jpoth\IdeaProjects\framework2024\build\jni\release\wpinet.dll
0x00007ffa44d40000 - 0x00007ffa44d6d000 	C:\WINDOWS\SYSTEM32\IPHLPAPI.DLL
0x00007ffa45880000 - 0x00007ffa458a8000 	C:\WINDOWS\SYSTEM32\USERENV.dll
0x00007ffa44db0000 - 0x00007ffa44ea8000 	C:\WINDOWS\SYSTEM32\DNSAPI.dll
0x00007ffa459f0000 - 0x00007ffa459fc000 	C:\WINDOWS\SYSTEM32\CRYPTBASE.DLL
0x00007ffa46c80000 - 0x00007ffa46c89000 	C:\WINDOWS\System32\NSI.dll
0x00007ff9e6070000 - 0x00007ff9e60b6000 	C:\WINDOWS\SYSTEM32\dinput8.dll
0x00007ffa3fed0000 - 0x00007ffa3fee1000 	C:\WINDOWS\SYSTEM32\xinput1_4.dll
0x00007ffa45f20000 - 0x00007ffa45f4c000 	C:\WINDOWS\SYSTEM32\DEVOBJ.dll
0x00007ffa45f50000 - 0x00007ffa45f9e000 	C:\WINDOWS\SYSTEM32\cfgmgr32.dll
0x00007ffa43910000 - 0x00007ffa4393b000 	C:\WINDOWS\SYSTEM32\dwmapi.dll
0x00007ffa39850000 - 0x00007ffa39a5c000 	C:\WINDOWS\SYSTEM32\inputhost.dll
0x00007ffa43000000 - 0x00007ffa43133000 	C:\WINDOWS\SYSTEM32\CoreMessaging.dll
0x00007ffa43690000 - 0x00007ffa4373b000 	C:\WINDOWS\system32\uxtheme.dll
0x00007ffa485a0000 - 0x00007ffa486f3000 	C:\WINDOWS\System32\MSCTF.dll
0x00007ffa3a270000 - 0x00007ffa3a3bb000 	C:\WINDOWS\SYSTEM32\textinputframework.dll
0x00007ffa400b0000 - 0x00007ffa4041c000 	C:\WINDOWS\SYSTEM32\CoreUIComponents.dll
0x00007ffa27280000 - 0x00007ffa272e9000 	C:\WINDOWS\system32\Oleacc.dll
0x00007ffa43980000 - 0x00007ffa439b9000 	C:\WINDOWS\SYSTEM32\dxcore.dll
0x00007ffa41200000 - 0x00007ffa4124a000 	C:\WINDOWS\SYSTEM32\directxdatabasehelper.dll
0x00007ffa3a580000 - 0x00007ffa3a98c000 	C:\WINDOWS\System32\DriverStore\FileRepository\iigd_dch.inf_amd64_096afac3ccc496b8\igd10iumd64.dll
0x00007ffa433e0000 - 0x00007ffa43477000 	C:\WINDOWS\SYSTEM32\apphelp.dll
0x00007ffa3b1f0000 - 0x00007ffa3ca1c000 	C:\WINDOWS\System32\DriverStore\FileRepository\iigd_dch.inf_amd64_096afac3ccc496b8\igd10um64xe.DLL
0x00007ffa46b10000 - 0x00007ffa46c78000 	C:\WINDOWS\System32\CRYPT32.dll
0x00007ffa47bb0000 - 0x00007ffa47d55000 	C:\WINDOWS\System32\ole32.dll
0x00007ffa3cd50000 - 0x00007ffa3cde3000 	C:\WINDOWS\System32\DriverStore\FileRepository\iigd_dch.inf_amd64_096afac3ccc496b8\IntelControlLib.dll
0x00007ffa39d50000 - 0x00007ffa3a18d000 	C:\WINDOWS\System32\DriverStore\FileRepository\iigd_dch.inf_amd64_096afac3ccc496b8\igdgmm64.dll
0x00007ffa31a00000 - 0x00007ffa35a75000 	C:\WINDOWS\System32\DriverStore\FileRepository\iigd_dch.inf_amd64_096afac3ccc496b8\igc64.dll
0x00007ffa1a770000 - 0x00007ffa1a7ad000 	C:\Users\jpoth\IdeaProjects\framework2024\build\jni\release\ntcorejni.dll
0x00007ffa1f9d0000 - 0x00007ffa1f9de000 	C:\Users\jpoth\IdeaProjects\framework2024\build\jni\release\wpiutiljni.dll
0x00007ffa44a70000 - 0x00007ffa44a7e000 	C:\WINDOWS\SYSTEM32\HID.DLL
0x00007ffa46e40000 - 0x00007ffa472b4000 	C:\WINDOWS\System32\SETUPAPI.DLL
0x00007ffa462f0000 - 0x00007ffa4635b000 	C:\WINDOWS\System32\WINTRUST.dll
0x00007ffa45a50000 - 0x00007ffa45a62000 	C:\WINDOWS\SYSTEM32\MSASN1.dll
0x00007ffa1e920000 - 0x00007ffa1e940000 	C:\Users\jpoth\IdeaProjects\framework2024\build\jni\release\REVLibDriver.dll
0x00007ffa1f420000 - 0x00007ffa1f427000 	C:\Users\jpoth\IdeaProjects\framework2024\build\jni\release\URCLDriver.dll

dbghelp: loaded successfully - version: 4.0.5 - missing functions: none
symbol engine: initialized successfully - sym options: 0x614 - pdb path: .;C:\Users\jpoth\.jdks\corretto-17.0.8\bin;C:\WINDOWS\SYSTEM32;C:\WINDOWS\WinSxS\amd64_microsoft.windows.common-controls_6595b64144ccf1df_6.0.22621.3527_none_270e469b73872a76;C:\Users\jpoth\.jdks\corretto-17.0.8\bin\server;C:\Users\jpoth\IdeaProjects\framework2024\build\jni\release;C:\WINDOWS\System32\DriverStore\FileRepository\iigd_dch.inf_amd64_096afac3ccc496b8

VM Arguments:
jvm_args: -Djava.library.path=C:\Users\jpoth\IdeaProjects\framework2024\build\jni\release -Dfile.encoding=windows-1252 -Duser.country=US -Duser.language=en -Duser.variant 
java_command: C:\Users\jpoth\IdeaProjects\framework2024\build\libs\framework2024.jar
java_class_path (initial): C:\Users\jpoth\IdeaProjects\framework2024\build\libs\framework2024.jar
Launcher Type: SUN_STANDARD

[Global flags]
     intx CICompilerCount                          = 12                                        {product} {ergonomic}
     uint ConcGCThreads                            = 3                                         {product} {ergonomic}
     uint G1ConcRefinementThreads                  = 13                                        {product} {ergonomic}
   size_t G1HeapRegionSize                         = 4194304                                   {product} {ergonomic}
    uintx GCDrainStackTargetSize                   = 64                                        {product} {ergonomic}
   size_t InitialHeapSize                          = 532676608                                 {product} {ergonomic}
   size_t MarkStackSize                            = 4194304                                   {product} {ergonomic}
   size_t MaxHeapSize                              = 8489271296                                {product} {ergonomic}
   size_t MaxNewSize                               = 5091885056                                {product} {ergonomic}
   size_t MinHeapDeltaBytes                        = 4194304                                   {product} {ergonomic}
   size_t MinHeapSize                              = 8388608                                   {product} {ergonomic}
    uintx NonNMethodCodeHeapSize                   = 7602480                                {pd product} {ergonomic}
    uintx NonProfiledCodeHeapSize                  = 122027880                              {pd product} {ergonomic}
    uintx ProfiledCodeHeapSize                     = 122027880                              {pd product} {ergonomic}
    uintx ReservedCodeCacheSize                    = 251658240                              {pd product} {ergonomic}
     bool SegmentedCodeCache                       = true                                      {product} {ergonomic}
   size_t SoftMaxHeapSize                          = 8489271296                             {manageable} {ergonomic}
     bool UseCompressedClassPointers               = true                           {product lp64_product} {ergonomic}
     bool UseCompressedOops                        = true                           {product lp64_product} {ergonomic}
     bool UseG1GC                                  = true                                      {product} {ergonomic}
     bool UseLargePagesIndividualAllocation        = false                                  {pd product} {ergonomic}

Logging:
Log output configuration:
 #0: stdout all=warning uptime,level,tags
 #1: stderr all=off uptime,level,tags

Environment Variables:
JAVA_HOME=C:/Program Files/Java/jdk-17/bin
PATH=C:\Program Files\National Instruments\Shared\OpenVINO\;C:\Program Files\Common Files\Oracle\Java\javapath;C:\Program Files (x86)\VMware\VMware Player\bin\;C:\Python311\Scripts\;C:\Python311\;C:\WINDOWS\system32;C:\WINDOWS;C:\WINDOWS\System32\Wbem;C:\WINDOWS\System32\WindowsPowerShell\v1.0\;C:\WINDOWS\System32\OpenSSH\;C:\Program Files\dotnet\;C:\Program Files\nodejs\;C:\ProgramData\chocolatey\bin;C:\Program Files\Git\cmd;C:\Program Files (x86)\Windows Kits\10\Windows Performance Toolkit\;C:\Ruby31\bin;c:\sqllite3;C:\Users\jpoth\IdeaProjects\framework2024\build\jni\release
USERNAME=jpoth
OS=Windows_NT
PROCESSOR_IDENTIFIER=Intel64 Family 6 Model 154 Stepping 3, GenuineIntel
TMP=C:\Users\jpoth\AppData\Local\Temp
TEMP=C:\Users\jpoth\AppData\Local\Temp



---------------  S Y S T E M  ---------------

OS:
 Windows 11 , 64 bit Build 22621 (10.0.22621.3527)
OS uptime: 14 days 17:55 hours
Hyper-V role detected

CPU: total 16 (initial active 16) (8 cores per cpu, 2 threads per core) family 6 model 154 stepping 3 microcode 0x432, cx8, cmov, fxsr, ht, mmx, 3dnowpref, sse, sse2, sse3, ssse3, sse4.1, sse4.2, popcnt, lzcnt, tsc, tscinvbit, avx, avx2, aes, erms, clmul, bmi1, bmi2, adx, sha, fma, vzeroupper, clflush, clflushopt, clwb, hv
Processor Information for processor 0
  Max Mhz: 2100, Current Mhz: 2100, Mhz Limit: 2100
Processor Information for processor 1
  Max Mhz: 2100, Current Mhz: 2100, Mhz Limit: 2100
Processor Information for processor 2
  Max Mhz: 2100, Current Mhz: 2100, Mhz Limit: 2100
Processor Information for processor 3
  Max Mhz: 2100, Current Mhz: 2100, Mhz Limit: 2100
Processor Information for processor 4
  Max Mhz: 2100, Current Mhz: 2100, Mhz Limit: 2100
Processor Information for processor 5
  Max Mhz: 2100, Current Mhz: 1453, Mhz Limit: 2100
Processor Information for processor 6
  Max Mhz: 2100, Current Mhz: 1453, Mhz Limit: 2100
Processor Information for processor 7
  Max Mhz: 2100, Current Mhz: 2100, Mhz Limit: 2100
Processor Information for processor 8
  Max Mhz: 2100, Current Mhz: 1500, Mhz Limit: 1491
Processor Information for processor 9
  Max Mhz: 2100, Current Mhz: 1500, Mhz Limit: 1491
Processor Information for processor 10
  Max Mhz: 2100, Current Mhz: 1500, Mhz Limit: 1491
Processor Information for processor 11
  Max Mhz: 2100, Current Mhz: 1500, Mhz Limit: 1491
Processor Information for processor 12
  Max Mhz: 2100, Current Mhz: 1500, Mhz Limit: 1491
Processor Information for processor 13
  Max Mhz: 2100, Current Mhz: 1500, Mhz Limit: 1491
Processor Information for processor 14
  Max Mhz: 2100, Current Mhz: 1500, Mhz Limit: 1491
Processor Information for processor 15
  Max Mhz: 2100, Current Mhz: 1500, Mhz Limit: 1491

Memory: 4k page, system-wide physical 32372M (2265M free)
TotalPageFile size 73294M (AvailPageFile size 11850M)
current process WorkingSet (physical memory assigned to process): 216M, peak: 261M
current process commit charge ("private bytes"): 791M, peak: 850M

vm_info: OpenJDK 64-Bit Server VM (17.0.8+7-LTS) for windows-amd64 JRE (17.0.8+7-LTS), built on Jul 10 2023 20:26:03 by "Administrator" with MS VC++ 15.9 (VS2017)

END.
